{"X:\\Programación\\Prueba2FullStack\\Front-end\\src\\components\\common\\AlertBadge.jsx": {"path":"X:\\Programación\\Prueba2FullStack\\Front-end\\src\\components\\common\\AlertBadge.jsx","statementMap":{"0":{"start":{"line":8,"column":2},"end":{"line":14,"column":null}},"1":{"start":{"line":9,"column":4},"end":{"line":12,"column":null}},"2":{"start":{"line":16,"column":2},"end":{"line":22,"column":null}},"3":{"start":{"line":17,"column":4},"end":{"line":20,"column":null}},"4":{"start":{"line":24,"column":2},"end":{"line":27,"column":null}}},"fnMap":{"0":{"name":"AlertBadge","decl":{"start":{"line":7,"column":16},"end":{"line":7,"column":27}},"loc":{"start":{"line":7,"column":50},"end":{"line":29,"column":null}},"line":7}},"branchMap":{"0":{"loc":{"start":{"line":7,"column":36},"end":{"line":7,"column":47}},"type":"default-arg","locations":[{"start":{"line":7,"column":45},"end":{"line":7,"column":47}}],"line":7},"1":{"loc":{"start":{"line":8,"column":2},"end":{"line":14,"column":null}},"type":"if","locations":[{"start":{"line":8,"column":2},"end":{"line":14,"column":null}},{"start":{},"end":{}}],"line":8},"2":{"loc":{"start":{"line":16,"column":2},"end":{"line":22,"column":null}},"type":"if","locations":[{"start":{"line":16,"column":2},"end":{"line":22,"column":null}},{"start":{},"end":{}}],"line":16}},"s":{"0":3,"1":1,"2":2,"3":1,"4":1},"f":{"0":3},"b":{"0":[3],"1":[1,2],"2":[1,1]},"meta":{"lastBranch":3,"lastFunction":1,"lastStatement":5,"seen":{"f:7:16:7:27":0,"b:7:45:7:47":0,"b:8:2:14:Infinity:undefined:undefined:undefined:undefined":1,"s:8:2:14:Infinity":0,"s:9:4:12:Infinity":1,"b:16:2:22:Infinity:undefined:undefined:undefined:undefined":2,"s:16:2:22:Infinity":2,"s:17:4:20:Infinity":3,"s:24:2:27:Infinity":4}}}
,"X:\\Programación\\Prueba2FullStack\\Front-end\\src\\utils\\validators.js": {"path":"X:\\Programación\\Prueba2FullStack\\Front-end\\src\\utils\\validators.js","statementMap":{"0":{"start":{"line":7,"column":28},"end":{"line":10,"column":1}},"1":{"start":{"line":8,"column":16},"end":{"line":8,"column":44}},"2":{"start":{"line":9,"column":2},"end":{"line":9,"column":34}},"3":{"start":{"line":13,"column":31},"end":{"line":15,"column":1}},"4":{"start":{"line":14,"column":2},"end":{"line":14,"column":42}},"5":{"start":{"line":18,"column":32},"end":{"line":20,"column":1}},"6":{"start":{"line":19,"column":2},"end":{"line":19,"column":44}},"7":{"start":{"line":23,"column":26},"end":{"line":25,"column":1}},"8":{"start":{"line":24,"column":2},"end":{"line":24,"column":81}},"9":{"start":{"line":28,"column":27},"end":{"line":31,"column":1}},"10":{"start":{"line":29,"column":16},"end":{"line":29,"column":46}},"11":{"start":{"line":30,"column":2},"end":{"line":30,"column":35}},"12":{"start":{"line":34,"column":30},"end":{"line":36,"column":1}},"13":{"start":{"line":35,"column":2},"end":{"line":35,"column":51}},"14":{"start":{"line":39,"column":28},"end":{"line":42,"column":1}},"15":{"start":{"line":40,"column":16},"end":{"line":40,"column":42}},"16":{"start":{"line":41,"column":2},"end":{"line":41,"column":37}},"17":{"start":{"line":45,"column":28},"end":{"line":47,"column":1}},"18":{"start":{"line":46,"column":2},"end":{"line":46,"column":46}},"19":{"start":{"line":50,"column":28},"end":{"line":52,"column":1}},"20":{"start":{"line":51,"column":2},"end":{"line":51,"column":45}},"21":{"start":{"line":55,"column":35},"end":{"line":64,"column":1}},"22":{"start":{"line":56,"column":18},"end":{"line":56,"column":20}},"23":{"start":{"line":57,"column":2},"end":{"line":57,"column":81}},"24":{"start":{"line":57,"column":36},"end":{"line":57,"column":81}},"25":{"start":{"line":58,"column":2},"end":{"line":58,"column":87}},"26":{"start":{"line":58,"column":38},"end":{"line":58,"column":87}},"27":{"start":{"line":59,"column":2},"end":{"line":59,"column":87}},"28":{"start":{"line":59,"column":37},"end":{"line":59,"column":87}},"29":{"start":{"line":60,"column":2},"end":{"line":60,"column":75}},"30":{"start":{"line":60,"column":28},"end":{"line":60,"column":75}},"31":{"start":{"line":61,"column":2},"end":{"line":61,"column":66}},"32":{"start":{"line":61,"column":25},"end":{"line":61,"column":66}},"33":{"start":{"line":62,"column":2},"end":{"line":62,"column":69}},"34":{"start":{"line":62,"column":26},"end":{"line":62,"column":69}},"35":{"start":{"line":63,"column":2},"end":{"line":63,"column":17}}},"fnMap":{"0":{"name":"(anonymous_0)","decl":{"start":{"line":7,"column":28},"end":{"line":7,"column":29}},"loc":{"start":{"line":7,"column":39},"end":{"line":10,"column":1}},"line":7},"1":{"name":"(anonymous_1)","decl":{"start":{"line":13,"column":31},"end":{"line":13,"column":32}},"loc":{"start":{"line":13,"column":45},"end":{"line":15,"column":1}},"line":13},"2":{"name":"(anonymous_2)","decl":{"start":{"line":18,"column":32},"end":{"line":18,"column":33}},"loc":{"start":{"line":18,"column":43},"end":{"line":20,"column":1}},"line":18},"3":{"name":"(anonymous_3)","decl":{"start":{"line":23,"column":26},"end":{"line":23,"column":27}},"loc":{"start":{"line":23,"column":37},"end":{"line":25,"column":1}},"line":23},"4":{"name":"(anonymous_4)","decl":{"start":{"line":28,"column":27},"end":{"line":28,"column":28}},"loc":{"start":{"line":28,"column":39},"end":{"line":31,"column":1}},"line":28},"5":{"name":"(anonymous_5)","decl":{"start":{"line":34,"column":30},"end":{"line":34,"column":31}},"loc":{"start":{"line":34,"column":45},"end":{"line":36,"column":1}},"line":34},"6":{"name":"(anonymous_6)","decl":{"start":{"line":39,"column":28},"end":{"line":39,"column":29}},"loc":{"start":{"line":39,"column":42},"end":{"line":42,"column":1}},"line":39},"7":{"name":"(anonymous_7)","decl":{"start":{"line":45,"column":28},"end":{"line":45,"column":29}},"loc":{"start":{"line":45,"column":40},"end":{"line":47,"column":1}},"line":45},"8":{"name":"(anonymous_8)","decl":{"start":{"line":50,"column":28},"end":{"line":50,"column":29}},"loc":{"start":{"line":50,"column":39},"end":{"line":52,"column":1}},"line":50},"9":{"name":"(anonymous_9)","decl":{"start":{"line":55,"column":35},"end":{"line":55,"column":36}},"loc":{"start":{"line":55,"column":49},"end":{"line":64,"column":1}},"line":55}},"branchMap":{"0":{"loc":{"start":{"line":14,"column":9},"end":{"line":14,"column":41}},"type":"binary-expr","locations":[{"start":{"line":14,"column":9},"end":{"line":14,"column":17}},{"start":{"line":14,"column":21},"end":{"line":14,"column":41}}],"line":14},"1":{"loc":{"start":{"line":19,"column":9},"end":{"line":19,"column":43}},"type":"binary-expr","locations":[{"start":{"line":19,"column":9},"end":{"line":19,"column":22}},{"start":{"line":19,"column":26},"end":{"line":19,"column":43}}],"line":19},"2":{"loc":{"start":{"line":24,"column":9},"end":{"line":24,"column":80}},"type":"binary-expr","locations":[{"start":{"line":24,"column":9},"end":{"line":24,"column":23}},{"start":{"line":24,"column":27},"end":{"line":24,"column":46}},{"start":{"line":24,"column":50},"end":{"line":24,"column":80}}],"line":24},"3":{"loc":{"start":{"line":35,"column":9},"end":{"line":35,"column":50}},"type":"binary-expr","locations":[{"start":{"line":35,"column":9},"end":{"line":35,"column":18}},{"start":{"line":35,"column":22},"end":{"line":35,"column":50}}],"line":35},"4":{"loc":{"start":{"line":46,"column":9},"end":{"line":46,"column":45}},"type":"binary-expr","locations":[{"start":{"line":46,"column":9},"end":{"line":46,"column":23}},{"start":{"line":46,"column":27},"end":{"line":46,"column":45}}],"line":46},"5":{"loc":{"start":{"line":51,"column":9},"end":{"line":51,"column":44}},"type":"binary-expr","locations":[{"start":{"line":51,"column":9},"end":{"line":51,"column":22}},{"start":{"line":51,"column":26},"end":{"line":51,"column":44}}],"line":51},"6":{"loc":{"start":{"line":57,"column":2},"end":{"line":57,"column":81}},"type":"if","locations":[{"start":{"line":57,"column":2},"end":{"line":57,"column":81}},{"start":{},"end":{}}],"line":57},"7":{"loc":{"start":{"line":58,"column":2},"end":{"line":58,"column":87}},"type":"if","locations":[{"start":{"line":58,"column":2},"end":{"line":58,"column":87}},{"start":{},"end":{}}],"line":58},"8":{"loc":{"start":{"line":59,"column":2},"end":{"line":59,"column":87}},"type":"if","locations":[{"start":{"line":59,"column":2},"end":{"line":59,"column":87}},{"start":{},"end":{}}],"line":59},"9":{"loc":{"start":{"line":60,"column":2},"end":{"line":60,"column":75}},"type":"if","locations":[{"start":{"line":60,"column":2},"end":{"line":60,"column":75}},{"start":{},"end":{}}],"line":60},"10":{"loc":{"start":{"line":61,"column":2},"end":{"line":61,"column":66}},"type":"if","locations":[{"start":{"line":61,"column":2},"end":{"line":61,"column":66}},{"start":{},"end":{}}],"line":61},"11":{"loc":{"start":{"line":62,"column":2},"end":{"line":62,"column":69}},"type":"if","locations":[{"start":{"line":62,"column":2},"end":{"line":62,"column":69}},{"start":{},"end":{}}],"line":62}},"s":{"0":1,"1":2,"2":2,"3":1,"4":3,"5":1,"6":5,"7":1,"8":7,"9":1,"10":4,"11":4,"12":1,"13":3,"14":1,"15":4,"16":4,"17":1,"18":5,"19":1,"20":6,"21":1,"22":2,"23":2,"24":1,"25":2,"26":1,"27":2,"28":1,"29":2,"30":1,"31":2,"32":1,"33":2,"34":1,"35":2},"f":{"0":2,"1":3,"2":5,"3":7,"4":4,"5":3,"6":4,"7":5,"8":6,"9":2},"b":{"0":[3,2],"1":[5,4],"2":[7,6,5],"3":[3,2],"4":[5,5],"5":[6,5],"6":[1,1],"7":[1,1],"8":[1,1],"9":[1,1],"10":[1,1],"11":[1,1]},"meta":{"lastBranch":12,"lastFunction":10,"lastStatement":36,"seen":{"s:7:28:10:1":0,"f:7:28:7:29":0,"s:8:16:8:44":1,"s:9:2:9:34":2,"s:13:31:15:1":3,"f:13:31:13:32":1,"s:14:2:14:42":4,"b:14:9:14:17:14:21:14:41":0,"s:18:32:20:1":5,"f:18:32:18:33":2,"s:19:2:19:44":6,"b:19:9:19:22:19:26:19:43":1,"s:23:26:25:1":7,"f:23:26:23:27":3,"s:24:2:24:81":8,"b:24:9:24:23:24:27:24:46:24:50:24:80":2,"s:28:27:31:1":9,"f:28:27:28:28":4,"s:29:16:29:46":10,"s:30:2:30:35":11,"s:34:30:36:1":12,"f:34:30:34:31":5,"s:35:2:35:51":13,"b:35:9:35:18:35:22:35:50":3,"s:39:28:42:1":14,"f:39:28:39:29":6,"s:40:16:40:42":15,"s:41:2:41:37":16,"s:45:28:47:1":17,"f:45:28:45:29":7,"s:46:2:46:46":18,"b:46:9:46:23:46:27:46:45":4,"s:50:28:52:1":19,"f:50:28:50:29":8,"s:51:2:51:45":20,"b:51:9:51:22:51:26:51:44":5,"s:55:35:64:1":21,"f:55:35:55:36":9,"s:56:18:56:20":22,"b:57:2:57:81:undefined:undefined:undefined:undefined":6,"s:57:2:57:81":23,"s:57:36:57:81":24,"b:58:2:58:87:undefined:undefined:undefined:undefined":7,"s:58:2:58:87":25,"s:58:38:58:87":26,"b:59:2:59:87:undefined:undefined:undefined:undefined":8,"s:59:2:59:87":27,"s:59:37:59:87":28,"b:60:2:60:75:undefined:undefined:undefined:undefined":9,"s:60:2:60:75":29,"s:60:28:60:75":30,"b:61:2:61:66:undefined:undefined:undefined:undefined":10,"s:61:2:61:66":31,"s:61:25:61:66":32,"b:62:2:62:69:undefined:undefined:undefined:undefined":11,"s:62:2:62:69":33,"s:62:26:62:69":34,"s:63:2:63:17":35}}}
}
